<?xml version="1.0" encoding="UTF-8"?>
<testng-results ignored="0" total="2" passed="2" failed="0" skipped="0">
  <reporter-output>
  </reporter-output>
  <suite started-at="2024-01-24T18:25:11 IST" name="Default suite" finished-at="2024-01-24T18:25:40 IST" duration-ms="29843">
    <groups>
    </groups>
    <test started-at="2024-01-24T18:25:11 IST" name="Default test" finished-at="2024-01-24T18:25:40 IST" duration-ms="29843">
      <class name="testCase.login">
        <test-method is-config="true" signature="launchBrowser()[pri:0, instance:testCase.login@2dc54ad4]" started-at="2024-01-24T18:25:11 IST" name="launchBrowser" finished-at="2024-01-24T18:25:16 IST" duration-ms="5407" status="PASS">
          <reporter-output>
          </reporter-output>
        </test-method> <!-- launchBrowser -->
        <test-method is-config="true" signature="navigateToApp()[pri:0, instance:testCase.login@2dc54ad4]" started-at="2024-01-24T18:25:16 IST" name="navigateToApp" finished-at="2024-01-24T18:25:18 IST" duration-ms="1811" status="PASS">
          <reporter-output>
          </reporter-output>
        </test-method> <!-- navigateToApp -->
        <test-method signature="Login()[pri:0, instance:testCase.login@2dc54ad4]" started-at="2024-01-24T18:25:18 IST" name="Login" finished-at="2024-01-24T18:25:30 IST" duration-ms="12452" status="PASS">
          <reporter-output>
          </reporter-output>
        </test-method> <!-- Login -->
        <test-method is-config="true" signature="navigateToApp()[pri:0, instance:testCase.login@2dc54ad4]" started-at="2024-01-24T18:25:30 IST" name="navigateToApp" finished-at="2024-01-24T18:25:30 IST" duration-ms="115" status="PASS">
          <reporter-output>
          </reporter-output>
        </test-method> <!-- navigateToApp -->
        <test-method signature="searchProduct()[pri:0, instance:testCase.login@2dc54ad4]" started-at="2024-01-24T18:25:30 IST" name="searchProduct" finished-at="2024-01-24T18:25:40 IST" depends-on-methods="testCase.login.Login" duration-ms="9960" status="PASS">
          <reporter-output>
          </reporter-output>
        </test-method> <!-- searchProduct -->
      </class> <!-- testCase.login -->
    </test> <!-- Default test -->
  </suite> <!-- Default suite -->
</testng-results>
